Logfile initialized
[INFO] logfile = /Users/mindstate/Documents/Titanium Studio Workspace/BookUp/build.log
[DEBUG] /Library/Application Support/Titanium/mobilesdk/osx/2.0.1.GA2/android/builder.py install BookUp /Users/mindstate/devenv/android-sdk-macosx /Users/mindstate/Documents/Titanium Studio Workspace/BookUp com.evanschambers.bookbook 8
[INFO] Titanium SDK version: 2.0.1 (04/12/12 16:33 999c68a)
[DEBUG] Waiting for device to be ready ...
[TRACE] adb devices returned 1 devices/emulators
[DEBUG] Device connected... (waited 0 seconds)
[DEBUG] waited 0.068528 seconds on emulator to get ready
[DEBUG] com.evanschambers.bookbook installed? False
[INFO] Copying CommonJS modules...
[INFO] Copying project resources..
[TRACE] COPYING MODIFIED FILE: /Users/mindstate/Documents/Titanium Studio Workspace/BookUp/Resources/main_windows/login.js => /Users/mindstate/Documents/Titanium Studio Workspace/BookUp/build/android/bin/assets/Resources/main_windows/login.js
[TRACE] Generating Java Classes
[DEBUG] Processing Android resource drawables
[DEBUG] copying app icon: /Users/mindstate/Documents/Titanium Studio Workspace/BookUp/build/android/bin/assets/Resources/appicon.png
[DEBUG] generating theme.xml
[DEBUG] found drawable-long-land-hdpi splash screen at /Users/mindstate/Documents/Titanium Studio Workspace/BookUp/Resources/android/images/res-long-land-hdpi/default.png
[DEBUG] copying /Users/mindstate/Documents/Titanium Studio Workspace/BookUp/Resources/android/images/res-long-land-hdpi/default.png splash screen to /Users/mindstate/Documents/Titanium Studio Workspace/BookUp/build/android/res/drawable-long-land-hdpi/background.png
[DEBUG] found drawable-long-land-ldpi splash screen at /Users/mindstate/Documents/Titanium Studio Workspace/BookUp/Resources/android/images/res-long-land-ldpi/default.png
[DEBUG] copying /Users/mindstate/Documents/Titanium Studio Workspace/BookUp/Resources/android/images/res-long-land-ldpi/default.png splash screen to /Users/mindstate/Documents/Titanium Studio Workspace/BookUp/build/android/res/drawable-long-land-ldpi/background.png
[DEBUG] found drawable-long-port-hdpi splash screen at /Users/mindstate/Documents/Titanium Studio Workspace/BookUp/Resources/android/images/res-long-port-hdpi/default.png
[DEBUG] copying /Users/mindstate/Documents/Titanium Studio Workspace/BookUp/Resources/android/images/res-long-port-hdpi/default.png splash screen to /Users/mindstate/Documents/Titanium Studio Workspace/BookUp/build/android/res/drawable-long-port-hdpi/background.png
[DEBUG] found drawable-long-port-ldpi splash screen at /Users/mindstate/Documents/Titanium Studio Workspace/BookUp/Resources/android/images/res-long-port-ldpi/default.png
[DEBUG] copying /Users/mindstate/Documents/Titanium Studio Workspace/BookUp/Resources/android/images/res-long-port-ldpi/default.png splash screen to /Users/mindstate/Documents/Titanium Studio Workspace/BookUp/build/android/res/drawable-long-port-ldpi/background.png
[DEBUG] found drawable-notlong-port-hdpi splash screen at /Users/mindstate/Documents/Titanium Studio Workspace/BookUp/Resources/android/images/res-notlong-port-hdpi/default.png
[DEBUG] copying /Users/mindstate/Documents/Titanium Studio Workspace/BookUp/Resources/android/images/res-notlong-port-hdpi/default.png splash screen to /Users/mindstate/Documents/Titanium Studio Workspace/BookUp/build/android/res/drawable-notlong-port-hdpi/background.png
[DEBUG] found drawable-notlong-port-ldpi splash screen at /Users/mindstate/Documents/Titanium Studio Workspace/BookUp/Resources/android/images/res-notlong-port-ldpi/default.png
[DEBUG] copying /Users/mindstate/Documents/Titanium Studio Workspace/BookUp/Resources/android/images/res-notlong-port-ldpi/default.png splash screen to /Users/mindstate/Documents/Titanium Studio Workspace/BookUp/build/android/res/drawable-notlong-port-ldpi/background.png
[DEBUG] copying default splash screen
[TRACE] Writing out AndroidManifest.xml
[DEBUG] adding /Users/mindstate/Documents/Titanium Studio Workspace/BookUp/build/android/gen/com/evanschambers/bookbook/BookupActivity.java to javac build list
[DEBUG] adding /Users/mindstate/Documents/Titanium Studio Workspace/BookUp/build/android/gen/com/evanschambers/bookbook/BookupAppInfo.java to javac build list
[DEBUG] adding /Users/mindstate/Documents/Titanium Studio Workspace/BookUp/build/android/gen/com/evanschambers/bookbook/BookupApplication.java to javac build list
[DEBUG] adding /Users/mindstate/Documents/Titanium Studio Workspace/BookUp/build/android/gen/com/evanschambers/bookbook/R.java to javac build list
[DEBUG] Building Java Sources: "/Users/mindstate/Documents/Titanium Studio Workspace/BookUp/build/android/gen/com/evanschambers/bookbook/BookupActivity.java" "/Users/mindstate/Documents/Titanium Studio Workspace/BookUp/build/android/gen/com/evanschambers/bookbook/BookupAppInfo.java" "/Users/mindstate/Documents/Titanium Studio Workspace/BookUp/build/android/gen/com/evanschambers/bookbook/BookupApplication.java" "/Users/mindstate/Documents/Titanium Studio Workspace/BookUp/build/android/gen/com/evanschambers/bookbook/R.java"
[INFO] Compiling Android Resources... This could take some time
[DEBUG] Android classes.dex built
[DEBUG] creating unsigned apk: /Users/mindstate/Documents/Titanium Studio Workspace/BookUp/build/android/bin/app-unsigned.apk
[DEBUG] from resource zip => assets/Resources/images/BUTT_drk_off.png
[DEBUG] from resource zip => assets/Resources/images/BUTT_drk_on.png
[DEBUG] from resource zip => assets/Resources/images/BUTT_grn_off.png
[DEBUG] from resource zip => assets/Resources/images/BUTT_grn_on.png
[DEBUG] from resource zip => assets/Resources/images/BUTT_gry_off.png
[DEBUG] from resource zip => assets/Resources/images/BUTT_gry_on.png
[DEBUG] from resource zip => assets/Resources/images/BUTT_red_off.png
[DEBUG] from resource zip => assets/Resources/images/BUTT_red_on.png
[DEBUG] from resource zip => assets/Resources/images/BUTT_yel_off.png
[DEBUG] from resource zip => assets/Resources/images/BUTT_yel_on.png
[DEBUG] from resource zip => assets/Resources/images/loader.gif
[DEBUG] from resource zip => assets/Resources/images/login.png
[DEBUG] from resource zip => assets/Resources/images/login_alternate.png
[DEBUG] from resource zip => assets/Resources/images/login_backgroundonly.png
[DEBUG] from resource zip => assets/Resources/images/login_backgroundonly_bookup.png
[DEBUG] from resource zip => assets/Resources/images/login_logo.png
[DEBUG] from resource zip => assets/Resources/images/login_logo_trans.png
[DEBUG] from resource zip => assets/Resources/main_windows/findBooks.js
[DEBUG] from resource zip => assets/Resources/main_windows/friends.js
[DEBUG] from resource zip => assets/Resources/main_windows/login.js
[DEBUG] from resource zip => assets/Resources/main_windows/me.js
[DEBUG] from resource zip => assets/Resources/main_windows/signUp.js
[DEBUG] from resource zip => assets/Resources/KS_nav_ui.png
[DEBUG] from resource zip => assets/Resources/KS_nav_views.png
[DEBUG] from resource zip => assets/Resources/app.js
[DEBUG] from resource zip => assets/Resources/appicon.png
[DEBUG] from resource zip => assets/Resources/appicon.png.old
[DEBUG] from resource zip => assets/Resources/ti.cloud.js
[DEBUG] from resource zip => assets/app.json
[DEBUG] from resource zip => assets/index.json
[DEBUG] from resource zip => assets/tiapp.xml
[DEBUG] from resource zip => res/drawable/appicon.png
[DEBUG] from resource zip => res/drawable/background.png
[DEBUG] from resource zip => res/layout/titanium_tabgroup.xml
[DEBUG] from resource zip => AndroidManifest.xml
[DEBUG] from resource zip => resources.arsc
[DEBUG] from resource zip => res/drawable-long-land-hdpi/background.png
[DEBUG] from resource zip => res/drawable-long-land-ldpi/background.png
[DEBUG] from resource zip => res/drawable-long-port-hdpi/background.png
[DEBUG] from resource zip => res/drawable-long-port-ldpi/background.png
[DEBUG] from resource zip => res/drawable-notlong-port-hdpi/background.png
[DEBUG] from resource zip => res/drawable-notlong-port-ldpi/background.png
[DEBUG] from JAR /Library/Application Support/Titanium/mobilesdk/osx/2.0.1.GA2/android/titanium.jar => org/appcelerator/titanium/build.properties
[DEBUG] from JAR /Library/Application Support/Titanium/mobilesdk/osx/2.0.1.GA2/android/titanium.jar => org/appcelerator/titanium/res/drawable/background.png
[DEBUG] from JAR /Library/Application Support/Titanium/mobilesdk/osx/2.0.1.GA2/android/titanium.jar => org/appcelerator/titanium/res/drawable/btn_check_buttonless_on.png
[DEBUG] from JAR /Library/Application Support/Titanium/mobilesdk/osx/2.0.1.GA2/android/titanium.jar => org/appcelerator/titanium/res/drawable/btn_check_buttonless_on_18.png
[DEBUG] from JAR /Library/Application Support/Titanium/mobilesdk/osx/2.0.1.GA2/android/titanium.jar => org/appcelerator/titanium/res/drawable/btn_check_buttonless_on_48.png
[DEBUG] from JAR /Library/Application Support/Titanium/mobilesdk/osx/2.0.1.GA2/android/titanium.jar => org/appcelerator/titanium/res/drawable/btn_more.png
[DEBUG] from JAR /Library/Application Support/Titanium/mobilesdk/osx/2.0.1.GA2/android/titanium.jar => org/appcelerator/titanium/res/drawable/btn_more_18.png
[DEBUG] from JAR /Library/Application Support/Titanium/mobilesdk/osx/2.0.1.GA2/android/titanium.jar => org/appcelerator/titanium/res/drawable/btn_more_48.png
[DEBUG] from JAR /Library/Application Support/Titanium/mobilesdk/osx/2.0.1.GA2/android/titanium.jar => org/appcelerator/titanium/res/drawable/btn_picker_normal.9.png
[DEBUG] from JAR /Library/Application Support/Titanium/mobilesdk/osx/2.0.1.GA2/android/titanium.jar => org/appcelerator/titanium/res/drawable/btn_picker_pressed.9.png
[DEBUG] from JAR /Library/Application Support/Titanium/mobilesdk/osx/2.0.1.GA2/android/titanium.jar => org/appcelerator/titanium/res/drawable/btn_picker_selected.9.png
[DEBUG] from JAR /Library/Application Support/Titanium/mobilesdk/osx/2.0.1.GA2/android/titanium.jar => org/appcelerator/titanium/res/drawable/default_icon.png
[DEBUG] from JAR /Library/Application Support/Titanium/mobilesdk/osx/2.0.1.GA2/android/titanium.jar => org/appcelerator/titanium/res/drawable/photoDefault.png
[DEBUG] from JAR /Library/Application Support/Titanium/mobilesdk/osx/2.0.1.GA2/android/modules/titanium-ui.jar => ti/modules/titanium/ui/widget/webview/binding.js
[DEBUG] from JAR /Library/Application Support/Titanium/mobilesdk/osx/2.0.1.GA2/android/modules/titanium-ui.jar => ti/modules/titanium/ui/widget/webview/binding.min.js
[DEBUG] from JAR /Library/Application Support/Titanium/mobilesdk/osx/2.0.1.GA2/android/modules/titanium-ui.jar => ti/modules/titanium/ui/widget/webview/json2.js
[DEBUG] from JAR /Library/Application Support/Titanium/mobilesdk/osx/2.0.1.GA2/android/thirdparty.jar => org/apache/Commons-NOTICE.txt
[DEBUG] from JAR /Library/Application Support/Titanium/mobilesdk/osx/2.0.1.GA2/android/thirdparty.jar => org/apache/HttpComponents-NOTICE.txt
[DEBUG] from JAR /Library/Application Support/Titanium/mobilesdk/osx/2.0.1.GA2/android/thirdparty.jar => org/apache/mime4j-NOTICE.txt
[DEBUG] installing native SDK libs
[DEBUG] Waiting for device to be ready ...
[TRACE] adb devices returned 1 devices/emulators
[DEBUG] Device connected... (waited 0 seconds)
[DEBUG] waited 0.048180 seconds on emulator to get ready
[INFO] Installing application on device
[INFO] Application installed. Launch from drawer on Home Screen
